Building DAG of jobs...
Using shell: /bin/bash
Provided cores: 8
Rules claiming more threads will be scaled down.
Job counts:
	count	jobs
	1	all
	1	clustering
	1	normalization
	1	normalized_samples
	4

[Thu Jul 16 00:26:04 2020]
rule normalization:
    output: /home/htran/storage/datasets/drug_resistance/dlp_results/SA535_rna_cys/normalized/SA535_cys_normalized_output.rds
    jobid: 1

There were 14 warnings (use warnings() to see them)
[Thu Jul 16 00:34:59 2020]
Finished job 1.
1 of 4 steps (25%) done

[Thu Jul 16 00:34:59 2020]
rule clustering:
    input: /home/htran/storage/datasets/drug_resistance/dlp_results/SA535_rna_cys/normalized/SA535_cys_normalized_output.rds
    output: /home/htran/storage/datasets/drug_resistance/dlp_results/SA535_rna_cys/clustering/SA535_cys_normalized_clusters.rds
    jobid: 2


[Thu Jul 16 00:34:59 2020]
rule normalized_samples:
    input: /home/htran/storage/datasets/drug_resistance/dlp_results/SA535_rna_cys/normalized/SA535_cys_normalized_output.rds
    output: /home/htran/storage/datasets/drug_resistance/dlp_results/SA535_rna_cys/normalized/samples.rds
    jobid: 3

Computing nearest neighbor graph
Computing SNN
0%   10   20   30   40   50   60   70   80   90   100%
[----|----|----|----|----|----|----|----|----|----|
**************************************************|
Warning: The default method for RunUMAP has changed from calling Python UMAP via reticulate to the R-native UWOT using the cosine metric
To use Python UMAP via reticulate, set umap.method to 'umap-learn' and metric to 'correlation'
This message will be shown once per session
[Thu Jul 16 00:37:12 2020]
Finished job 3.
2 of 4 steps (50%) done
Warning messages:
1: CombinePlots is being deprecated. Plots should now be combined using the patchwork system. 
2: CombinePlots is being deprecated. Plots should now be combined using the patchwork system. 
[Thu Jul 16 00:56:38 2020]
Finished job 2.
3 of 4 steps (75%) done

[Thu Jul 16 00:56:38 2020]
localrule all:
    input: /home/htran/storage/datasets/drug_resistance/dlp_results/SA535_rna_cys/normalized/SA535_cys_normalized_output.rds, /home/htran/storage/datasets/drug_resistance/dlp_results/SA535_rna_cys/clustering/SA535_cys_normalized_clusters.rds, /home/htran/storage/datasets/drug_resistance/dlp_results/SA535_rna_cys/normalized/samples.rds
    jobid: 0

[Thu Jul 16 00:56:38 2020]
Finished job 0.
4 of 4 steps (100%) done
Complete log: /home/htran/Projects/farhia_project/rscript/snakemake_10x/SA535_cys/.snakemake/log/2020-07-16T002604.936031.snakemake.log
