Building DAG of jobs...
Using shell: /bin/bash
Provided cores: 8
Rules claiming more threads will be scaled down.
Job counts:
	count	jobs
	1	all
	12	filter_data
	1	merge_filter_data
	14

[Fri Jun 26 21:41:54 2020]
rule filter_data:
    input: /home/htran/storage/datasets/drug_resistance_RNAseq/human/SCRNA10X_SA_CHIP0145_002/SCRNA10X_SA_CHIP0145_002.rdata
    output: /home/htran/storage/datasets/drug_resistance/filtered/SCRNA10X_SA_CHIP0145_002_filtered.rds
    jobid: 7
    wildcards: library=SCRNA10X_SA_CHIP0145_002


[Fri Jun 26 21:41:54 2020]
rule filter_data:
    input: /home/htran/storage/datasets/drug_resistance_RNAseq/human/SCRNA10X_SA_CHIP0079_002/SCRNA10X_SA_CHIP0079_002.rdata
    output: /home/htran/storage/datasets/drug_resistance/filtered/SCRNA10X_SA_CHIP0079_002_filtered.rds
    jobid: 3
    wildcards: library=SCRNA10X_SA_CHIP0079_002


[Fri Jun 26 21:41:54 2020]
rule filter_data:
    input: /home/htran/storage/datasets/drug_resistance_RNAseq/human/SCRNA10X_SA_CHIP0162_002/SCRNA10X_SA_CHIP0162_002.rdata
    output: /home/htran/storage/datasets/drug_resistance/filtered/SCRNA10X_SA_CHIP0162_002_filtered.rds
    jobid: 10
    wildcards: library=SCRNA10X_SA_CHIP0162_002


[Fri Jun 26 21:41:54 2020]
rule filter_data:
    input: /home/htran/storage/datasets/drug_resistance_RNAseq/human/SCRNA10X_SA_CHIP0175_002/SCRNA10X_SA_CHIP0175_002.rdata
    output: /home/htran/storage/datasets/drug_resistance/filtered/SCRNA10X_SA_CHIP0175_002_filtered.rds
    jobid: 11
    wildcards: library=SCRNA10X_SA_CHIP0175_002


[Fri Jun 26 21:41:54 2020]
rule filter_data:
    input: /home/htran/storage/datasets/drug_resistance_RNAseq/human/SCRNA10X_SA_CHIP0079_001/SCRNA10X_SA_CHIP0079_001.rdata
    output: /home/htran/storage/datasets/drug_resistance/filtered/SCRNA10X_SA_CHIP0079_001_filtered.rds
    jobid: 2
    wildcards: library=SCRNA10X_SA_CHIP0079_001


[Fri Jun 26 21:41:54 2020]
rule filter_data:
    input: /home/htran/storage/datasets/drug_resistance_RNAseq/human/SCRNA10X_SA_CHIP0145_001/SCRNA10X_SA_CHIP0145_001.rdata
    output: /home/htran/storage/datasets/drug_resistance/filtered/SCRNA10X_SA_CHIP0145_001_filtered.rds
    jobid: 6
    wildcards: library=SCRNA10X_SA_CHIP0145_001


[Fri Jun 26 21:41:54 2020]
rule filter_data:
    input: /home/htran/storage/datasets/drug_resistance_RNAseq/human/SCRNA10X_SA_CHIP0076_000/SCRNA10X_SA_CHIP0076_000.rdata
    output: /home/htran/storage/datasets/drug_resistance/filtered/SCRNA10X_SA_CHIP0076_000_filtered.rds
    jobid: 13
    wildcards: library=SCRNA10X_SA_CHIP0076_000


[Fri Jun 26 21:41:54 2020]
rule filter_data:
    input: /home/htran/storage/datasets/drug_resistance_RNAseq/human/SCRNA10X_SA_CHIP0162_001/SCRNA10X_SA_CHIP0162_001.rdata
    output: /home/htran/storage/datasets/drug_resistance/filtered/SCRNA10X_SA_CHIP0162_001_filtered.rds
    jobid: 9
    wildcards: library=SCRNA10X_SA_CHIP0162_001

[Fri Jun 26 21:42:18 2020]
Finished job 13.
1 of 14 steps (7%) done

[Fri Jun 26 21:42:18 2020]
rule filter_data:
    input: /home/htran/storage/datasets/drug_resistance_RNAseq/human/SCRNA10X_SA_CHIP0151_001/SCRNA10X_SA_CHIP0151_001.rdata
    output: /home/htran/storage/datasets/drug_resistance/filtered/SCRNA10X_SA_CHIP0151_001_filtered.rds
    jobid: 8
    wildcards: library=SCRNA10X_SA_CHIP0151_001

[Fri Jun 26 21:42:18 2020]
Finished job 9.
2 of 14 steps (14%) done

[Fri Jun 26 21:42:18 2020]
rule filter_data:
    input: /home/htran/storage/datasets/drug_resistance_RNAseq/human/SCRNA10X_SA_CHIP0071_000/SCRNA10X_SA_CHIP0071_000.rdata
    output: /home/htran/storage/datasets/drug_resistance/filtered/SCRNA10X_SA_CHIP0071_000_filtered.rds
    jobid: 12
    wildcards: library=SCRNA10X_SA_CHIP0071_000

[Fri Jun 26 21:42:24 2020]
Finished job 11.
3 of 14 steps (21%) done

[Fri Jun 26 21:42:24 2020]
rule filter_data:
    input: /home/htran/storage/datasets/drug_resistance_RNAseq/human/SCRNA10X_SA_CHIP0142_004/SCRNA10X_SA_CHIP0142_004.rdata
    output: /home/htran/storage/datasets/drug_resistance/filtered/SCRNA10X_SA_CHIP0142_004_filtered.rds
    jobid: 5
    wildcards: library=SCRNA10X_SA_CHIP0142_004

[Fri Jun 26 21:42:25 2020]
Finished job 10.
4 of 14 steps (29%) done

[Fri Jun 26 21:42:25 2020]
rule filter_data:
    input: /home/htran/storage/datasets/drug_resistance_RNAseq/human/SCRNA10X_SA_CHIP0142_002/SCRNA10X_SA_CHIP0142_002.rdata
    output: /home/htran/storage/datasets/drug_resistance/filtered/SCRNA10X_SA_CHIP0142_002_filtered.rds
    jobid: 4
    wildcards: library=SCRNA10X_SA_CHIP0142_002

[Fri Jun 26 21:42:26 2020]
Finished job 6.
5 of 14 steps (36%) done
[Fri Jun 26 21:42:27 2020]
Finished job 3.
6 of 14 steps (43%) done
[Fri Jun 26 21:42:30 2020]
Finished job 7.
7 of 14 steps (50%) done
[Fri Jun 26 21:42:31 2020]
Finished job 2.
8 of 14 steps (57%) done
[Fri Jun 26 21:42:37 2020]
Finished job 8.
9 of 14 steps (64%) done
[Fri Jun 26 21:42:38 2020]
Finished job 12.
10 of 14 steps (71%) done
[Fri Jun 26 21:42:38 2020]
Finished job 4.
11 of 14 steps (79%) done
[Fri Jun 26 21:42:39 2020]
Finished job 5.
12 of 14 steps (86%) done

[Fri Jun 26 21:42:39 2020]
rule merge_filter_data:
    input: /home/htran/storage/datasets/drug_resistance/filtered/SCRNA10X_SA_CHIP0079_001_filtered.rds, /home/htran/storage/datasets/drug_resistance/filtered/SCRNA10X_SA_CHIP0079_002_filtered.rds, /home/htran/storage/datasets/drug_resistance/filtered/SCRNA10X_SA_CHIP0142_002_filtered.rds, /home/htran/storage/datasets/drug_resistance/filtered/SCRNA10X_SA_CHIP0142_004_filtered.rds, /home/htran/storage/datasets/drug_resistance/filtered/SCRNA10X_SA_CHIP0145_001_filtered.rds, /home/htran/storage/datasets/drug_resistance/filtered/SCRNA10X_SA_CHIP0145_002_filtered.rds, /home/htran/storage/datasets/drug_resistance/filtered/SCRNA10X_SA_CHIP0151_001_filtered.rds, /home/htran/storage/datasets/drug_resistance/filtered/SCRNA10X_SA_CHIP0162_001_filtered.rds, /home/htran/storage/datasets/drug_resistance/filtered/SCRNA10X_SA_CHIP0162_002_filtered.rds, /home/htran/storage/datasets/drug_resistance/filtered/SCRNA10X_SA_CHIP0175_002_filtered.rds, /home/htran/storage/datasets/drug_resistance/filtered/SCRNA10X_SA_CHIP0071_000_filtered.rds, /home/htran/storage/datasets/drug_resistance/filtered/SCRNA10X_SA_CHIP0076_000_filtered.rds
    output: /home/htran/storage/datasets/drug_resistance/SA1035_10x_filtering_log.csv
    jobid: 1

[Fri Jun 26 21:42:44 2020]
Finished job 1.
13 of 14 steps (93%) done

[Fri Jun 26 21:42:44 2020]
localrule all:
    input: /home/htran/storage/datasets/drug_resistance/SA1035_10x_filtering_log.csv
    jobid: 0

[Fri Jun 26 21:42:44 2020]
Finished job 0.
14 of 14 steps (100%) done
Complete log: /home/htran/Projects/farhia_project/rscript/snakemake_10x/.snakemake/log/2020-06-26T214154.682116.snakemake.log
