Building DAG of jobs...
Using shell: /bin/bash
Provided cores: 8
Rules claiming more threads will be scaled down.
Job counts:
	count	jobs
	1	all
	12	download_data
	1	merge_data
	14

[Fri Jun 26 21:06:31 2020]
rule download_data:
    output: /home/htran/storage/datasets/drug_resistance_RNAseq/human/dev/SCRNA10X_SA_CHIP0079_002
    jobid: 3
    wildcards: library=SCRNA10X_SA_CHIP0079_002


[Fri Jun 26 21:06:31 2020]
rule download_data:
    output: /home/htran/storage/datasets/drug_resistance_RNAseq/human/dev/SCRNA10X_SA_CHIP0151_001
    jobid: 8
    wildcards: library=SCRNA10X_SA_CHIP0151_001


[Fri Jun 26 21:06:31 2020]
rule download_data:
    output: /home/htran/storage/datasets/drug_resistance_RNAseq/human/dev/SCRNA10X_SA_CHIP0162_001
    jobid: 9
    wildcards: library=SCRNA10X_SA_CHIP0162_001


[Fri Jun 26 21:06:31 2020]
rule download_data:
    output: /home/htran/storage/datasets/drug_resistance_RNAseq/human/dev/SCRNA10X_SA_CHIP0162_002
    jobid: 10
    wildcards: library=SCRNA10X_SA_CHIP0162_002


[Fri Jun 26 21:06:31 2020]
rule download_data:
    output: /home/htran/storage/datasets/drug_resistance_RNAseq/human/dev/SCRNA10X_SA_CHIP0079_001
    jobid: 2
    wildcards: library=SCRNA10X_SA_CHIP0079_001


[Fri Jun 26 21:06:31 2020]
rule download_data:
    output: /home/htran/storage/datasets/drug_resistance_RNAseq/human/dev/SCRNA10X_SA_CHIP0175_002
    jobid: 11
    wildcards: library=SCRNA10X_SA_CHIP0175_002


[Fri Jun 26 21:06:31 2020]
rule download_data:
    output: /home/htran/storage/datasets/drug_resistance_RNAseq/human/dev/SCRNA10X_SA_CHIP0142_002
    jobid: 4
    wildcards: library=SCRNA10X_SA_CHIP0142_002


[Fri Jun 26 21:06:31 2020]
rule download_data:
    output: /home/htran/storage/datasets/drug_resistance_RNAseq/human/dev/SCRNA10X_SA_CHIP0071_000
    jobid: 12
    wildcards: library=SCRNA10X_SA_CHIP0071_000

[Fri Jun 26 21:06:36 2020]
Finished job 9.
1 of 14 steps (7%) done

[Fri Jun 26 21:06:36 2020]
rule download_data:
    output: /home/htran/storage/datasets/drug_resistance_RNAseq/human/dev/SCRNA10X_SA_CHIP0145_002
    jobid: 7
    wildcards: library=SCRNA10X_SA_CHIP0145_002

[Fri Jun 26 21:06:36 2020]
Finished job 4.
2 of 14 steps (14%) done

[Fri Jun 26 21:06:36 2020]
rule download_data:
    output: /home/htran/storage/datasets/drug_resistance_RNAseq/human/dev/SCRNA10X_SA_CHIP0142_004
    jobid: 5
    wildcards: library=SCRNA10X_SA_CHIP0142_004

[Fri Jun 26 21:06:36 2020]
Finished job 11.
3 of 14 steps (21%) done

[Fri Jun 26 21:06:36 2020]
rule download_data:
    output: /home/htran/storage/datasets/drug_resistance_RNAseq/human/dev/SCRNA10X_SA_CHIP0145_001
    jobid: 6
    wildcards: library=SCRNA10X_SA_CHIP0145_001

[Fri Jun 26 21:06:36 2020]
Finished job 10.
4 of 14 steps (29%) done

[Fri Jun 26 21:06:36 2020]
rule download_data:
    output: /home/htran/storage/datasets/drug_resistance_RNAseq/human/dev/SCRNA10X_SA_CHIP0076_000
    jobid: 13
    wildcards: library=SCRNA10X_SA_CHIP0076_000

[Fri Jun 26 21:06:36 2020]
Finished job 12.
5 of 14 steps (36%) done
[Fri Jun 26 21:06:36 2020]
Finished job 8.
6 of 14 steps (43%) done
[Fri Jun 26 21:06:36 2020]
Finished job 3.
7 of 14 steps (50%) done
[Fri Jun 26 21:06:36 2020]
Finished job 2.
8 of 14 steps (57%) done
[Fri Jun 26 21:06:38 2020]
Finished job 5.
9 of 14 steps (64%) done
[Fri Jun 26 21:06:38 2020]
Finished job 13.
10 of 14 steps (71%) done
[Fri Jun 26 21:06:38 2020]
Finished job 7.
11 of 14 steps (79%) done
[Fri Jun 26 21:06:38 2020]
Finished job 6.
12 of 14 steps (86%) done

[Fri Jun 26 21:06:38 2020]
rule merge_data:
    input: /home/htran/storage/datasets/drug_resistance_RNAseq/human/dev/SCRNA10X_SA_CHIP0079_001, /home/htran/storage/datasets/drug_resistance_RNAseq/human/dev/SCRNA10X_SA_CHIP0079_002, /home/htran/storage/datasets/drug_resistance_RNAseq/human/dev/SCRNA10X_SA_CHIP0142_002, /home/htran/storage/datasets/drug_resistance_RNAseq/human/dev/SCRNA10X_SA_CHIP0142_004, /home/htran/storage/datasets/drug_resistance_RNAseq/human/dev/SCRNA10X_SA_CHIP0145_001, /home/htran/storage/datasets/drug_resistance_RNAseq/human/dev/SCRNA10X_SA_CHIP0145_002, /home/htran/storage/datasets/drug_resistance_RNAseq/human/dev/SCRNA10X_SA_CHIP0151_001, /home/htran/storage/datasets/drug_resistance_RNAseq/human/dev/SCRNA10X_SA_CHIP0162_001, /home/htran/storage/datasets/drug_resistance_RNAseq/human/dev/SCRNA10X_SA_CHIP0162_002, /home/htran/storage/datasets/drug_resistance_RNAseq/human/dev/SCRNA10X_SA_CHIP0175_002, /home/htran/storage/datasets/drug_resistance_RNAseq/human/dev/SCRNA10X_SA_CHIP0071_000, /home/htran/storage/datasets/drug_resistance_RNAseq/human/dev/SCRNA10X_SA_CHIP0076_000
    output: /home/htran/storage/datasets/drug_resistance/SA1035_human_download_log.csv
    jobid: 1

[Fri Jun 26 21:06:43 2020]
Finished job 1.
13 of 14 steps (93%) done

[Fri Jun 26 21:06:43 2020]
localrule all:
    input: /home/htran/storage/datasets/drug_resistance/SA1035_human_download_log.csv
    jobid: 0

[Fri Jun 26 21:06:43 2020]
Finished job 0.
14 of 14 steps (100%) done
Complete log: /home/htran/Projects/farhia_project/rscript/snakemake_10x/.snakemake/log/2020-06-26T210631.069042.snakemake.log
