Building DAG of jobs...
Using shell: /bin/bash
Provided cores: 8
Rules claiming more threads will be scaled down.
Job counts:
	count	jobs
	1	all
	1	verification
	2

[Fri Jun 26 22:07:01 2020]
rule verification:
    output: /home/htran/storage/datasets/drug_resistance/filtered/summary_SA1035.csv
    jobid: 2

[Fri Jun 26 22:07:14 2020]
Error in rule verification:
    jobid: 2
    output: /home/htran/storage/datasets/drug_resistance/filtered/summary_SA1035.csv
    shell:
        Rscript /home/htran/Projects/farhia_project/rscript/pipeline/utils/qc_verification.R -l SCRNA10X_SA_CHIP0079_001,SCRNA10X_SA_CHIP0079_002,SCRNA10X_SA_CHIP0142_002,SCRNA10X_SA_CHIP0142_004,SCRNA10X_SA_CHIP0145_001,SCRNA10X_SA_CHIP0145_002,SCRNA10X_SA_CHIP0151_001,SCRNA10X_SA_CHIP0162_001,SCRNA10X_SA_CHIP0162_002,SCRNA10X_SA_CHIP0175_002,SCRNA10X_SA_CHIP0071_000,SCRNA10X_SA_CHIP0076_000 -i /home/htran/storage/datasets/drug_resistance_RNAseq/human -o /home/htran/storage/datasets/drug_resistance/filtered/summary_SA1035.csv
        (one of the commands exited with non-zero exit code; note that snakemake uses bash strict mode!)

Shutting down, this might take some time.
Exiting because a job execution failed. Look above for error message
Complete log: /home/htran/Projects/farhia_project/rscript/snakemake_10x/.snakemake/log/2020-06-26T220701.604336.snakemake.log
