Building DAG of jobs...
Using shell: /bin/bash
Provided cores: 8
Rules claiming more threads will be scaled down.
Job counts:
	count	jobs
	1	all
	1	merge_data
	2

[Fri Jun 26 21:04:53 2020]
rule merge_data:
    input: /home/htran/storage/datasets/drug_resistance_RNAseq/human/SCRNA10X_SA_CHIP0079_001, /home/htran/storage/datasets/drug_resistance_RNAseq/human/SCRNA10X_SA_CHIP0079_002, /home/htran/storage/datasets/drug_resistance_RNAseq/human/SCRNA10X_SA_CHIP0142_002, /home/htran/storage/datasets/drug_resistance_RNAseq/human/SCRNA10X_SA_CHIP0142_004, /home/htran/storage/datasets/drug_resistance_RNAseq/human/SCRNA10X_SA_CHIP0145_001, /home/htran/storage/datasets/drug_resistance_RNAseq/human/SCRNA10X_SA_CHIP0145_002, /home/htran/storage/datasets/drug_resistance_RNAseq/human/SCRNA10X_SA_CHIP0151_001, /home/htran/storage/datasets/drug_resistance_RNAseq/human/SCRNA10X_SA_CHIP0162_001, /home/htran/storage/datasets/drug_resistance_RNAseq/human/SCRNA10X_SA_CHIP0162_002, /home/htran/storage/datasets/drug_resistance_RNAseq/human/SCRNA10X_SA_CHIP0175_002, /home/htran/storage/datasets/drug_resistance_RNAseq/human/SCRNA10X_SA_CHIP0071_000, /home/htran/storage/datasets/drug_resistance_RNAseq/human/SCRNA10X_SA_CHIP0076_000
    output: /home/htran/storage/datasets/drug_resistance/SA1035_human_download_log.csv
    jobid: 1

[Fri Jun 26 21:04:58 2020]
Finished job 1.
1 of 2 steps (50%) done

[Fri Jun 26 21:04:58 2020]
localrule all:
    input: /home/htran/storage/datasets/drug_resistance/SA1035_human_download_log.csv
    jobid: 0

[Fri Jun 26 21:04:58 2020]
Finished job 0.
2 of 2 steps (100%) done
Complete log: /home/htran/Projects/farhia_project/rscript/snakemake_10x/.snakemake/log/2020-06-26T210453.307516.snakemake.log
