Building DAG of jobs...
Using shell: /bin/bash
Provided cores: 8
Rules claiming more threads will be scaled down.
Job counts:
	count	jobs
	1	all
	1	download_data
	1	merge_data
	3

[Fri Jun 26 21:00:08 2020]
rule download_data:
    output: /home/htran/storage/datasets/drug_resistance_RNAseq/human/SCRNA10X_SA_CHIP0076_000
    jobid: 13
    wildcards: library=SCRNA10X_SA_CHIP0076_000

[Fri Jun 26 21:00:13 2020]
Finished job 13.
1 of 3 steps (33%) done

[Fri Jun 26 21:00:13 2020]
rule merge_data:
    input: /home/htran/storage/datasets/drug_resistance_RNAseq/human/SCRNA10X_SA_CHIP0079_001, /home/htran/storage/datasets/drug_resistance_RNAseq/human/SCRNA10X_SA_CHIP0079_002, /home/htran/storage/datasets/drug_resistance_RNAseq/human/SCRNA10X_SA_CHIP0142_002, /home/htran/storage/datasets/drug_resistance_RNAseq/human/SCRNA10X_SA_CHIP0142_004, /home/htran/storage/datasets/drug_resistance_RNAseq/human/SCRNA10X_SA_CHIP0145_001, /home/htran/storage/datasets/drug_resistance_RNAseq/human/SCRNA10X_SA_CHIP0145_002, /home/htran/storage/datasets/drug_resistance_RNAseq/human/SCRNA10X_SA_CHIP0151_001, /home/htran/storage/datasets/drug_resistance_RNAseq/human/SCRNA10X_SA_CHIP0162_001, /home/htran/storage/datasets/drug_resistance_RNAseq/human/SCRNA10X_SA_CHIP0162_002, /home/htran/storage/datasets/drug_resistance_RNAseq/human/SCRNA10X_SA_CHIP0175_002, /home/htran/storage/datasets/drug_resistance_RNAseq/human/SCRNA10X_SA_CHIP0071_000, /home/htran/storage/datasets/drug_resistance_RNAseq/human/SCRNA10X_SA_CHIP0076_000
    output: /home/htran/storage/datasets/drug_resistance/SA1035_human_download_log.csv
    jobid: 1

[Fri Jun 26 21:00:18 2020]
Finished job 1.
2 of 3 steps (67%) done

[Fri Jun 26 21:00:18 2020]
localrule all:
    input: /home/htran/storage/datasets/drug_resistance/SA1035_human_download_log.csv
    jobid: 0

[Fri Jun 26 21:00:18 2020]
Finished job 0.
3 of 3 steps (100%) done
Complete log: /home/htran/Projects/farhia_project/rscript/snakemake_10x/.snakemake/log/2020-06-26T210008.009361.snakemake.log
