Building DAG of jobs...
Using shell: /bin/bash
Provided cores: 8
Rules claiming more threads will be scaled down.
Job counts:
	count	jobs
	1	all
	1	verification
	2

[Fri Jun 26 22:00:21 2020]
rule verification:
    output: /home/htran/storage/datasets/drug_resistance/filtered/summary_SA1035.csv
    jobid: 1

[Fri Jun 26 22:01:11 2020]
Finished job 1.
1 of 2 steps (50%) done

[Fri Jun 26 22:01:11 2020]
localrule all:
    input: /home/htran/storage/datasets/drug_resistance/filtered/summary_SA1035.csv
    jobid: 0

[Fri Jun 26 22:01:11 2020]
Finished job 0.
2 of 2 steps (100%) done
Complete log: /home/htran/Projects/farhia_project/rscript/snakemake_10x/.snakemake/log/2020-06-26T220021.570785.snakemake.log
