Building DAG of jobs...
Using shell: /bin/bash
Provided cores: 8
Rules claiming more threads will be scaled down.
Job counts:
	count	jobs
	1	all
	13	download_data
	1	merge_data
	15

[Wed Jul 15 20:54:05 2020]
rule download_data:
    output: /home/htran/storage/datasets/drug_resistance_RNAseq/SA535_CYS_human/SCRNA10X_SA_CHIP0182_002
    jobid: 9
    wildcards: library=SCRNA10X_SA_CHIP0182_002


[Wed Jul 15 20:54:05 2020]
rule download_data:
    output: /home/htran/storage/datasets/drug_resistance_RNAseq/SA535_CYS_human/SCRNA10X_SA_CHIP0173_002
    jobid: 6
    wildcards: library=SCRNA10X_SA_CHIP0173_002


[Wed Jul 15 20:54:05 2020]
rule download_data:
    output: /home/htran/storage/datasets/drug_resistance_RNAseq/SA535_CYS_human/SCRNA10X_SA_CHIP0182_001
    jobid: 8
    wildcards: library=SCRNA10X_SA_CHIP0182_001


[Wed Jul 15 20:54:05 2020]
rule download_data:
    output: /home/htran/storage/datasets/drug_resistance_RNAseq/SA535_CYS_human/SCRNA10X_SA_CHIP0146_004
    jobid: 2
    wildcards: library=SCRNA10X_SA_CHIP0146_004


[Wed Jul 15 20:54:05 2020]
rule download_data:
    output: /home/htran/storage/datasets/drug_resistance_RNAseq/SA535_CYS_human/SCRNA10X_SA_CHIP0175_001
    jobid: 7
    wildcards: library=SCRNA10X_SA_CHIP0175_001


[Wed Jul 15 20:54:05 2020]
rule download_data:
    output: /home/htran/storage/datasets/drug_resistance_RNAseq/SA535_CYS_human/SCRNA10X_SA_CHIP0189_001
    jobid: 12
    wildcards: library=SCRNA10X_SA_CHIP0189_001


[Wed Jul 15 20:54:05 2020]
rule download_data:
    output: /home/htran/storage/datasets/drug_resistance_RNAseq/SA535_CYS_human/SCRNA10X_SA_CHIP0146_006
    jobid: 3
    wildcards: library=SCRNA10X_SA_CHIP0146_006


[Wed Jul 15 20:54:05 2020]
rule download_data:
    output: /home/htran/storage/datasets/drug_resistance_RNAseq/SA535_CYS_human/SCRNA10X_SA_CHIP0148_001
    jobid: 4
    wildcards: library=SCRNA10X_SA_CHIP0148_001

[Wed Jul 15 20:54:12 2020]
Error in rule download_data:
    jobid: 7
    output: /home/htran/storage/datasets/drug_resistance_RNAseq/SA535_CYS_human/SCRNA10X_SA_CHIP0175_001
    shell:
        python /home/htran/Projects/farhia_project/rscript/pipeline/utils/script_tenx_human.py --library_id SCRNA10X_SA_CHIP0175_001 --download_dir /home/htran/storage/datasets/drug_resistance_RNAseq/SA535_CYS_human
        (one of the commands exited with non-zero exit code; note that snakemake uses bash strict mode!)
[Wed Jul 15 20:54:12 2020]

Error in rule download_data:
    jobid: 8
    output: /home/htran/storage/datasets/drug_resistance_RNAseq/SA535_CYS_human/SCRNA10X_SA_CHIP0182_001
    shell:
        python /home/htran/Projects/farhia_project/rscript/pipeline/utils/script_tenx_human.py --library_id SCRNA10X_SA_CHIP0182_001 --download_dir /home/htran/storage/datasets/drug_resistance_RNAseq/SA535_CYS_human
        (one of the commands exited with non-zero exit code; note that snakemake uses bash strict mode!)

[Wed Jul 15 20:54:12 2020]
Error in rule download_data:
    jobid: 9
    output: /home/htran/storage/datasets/drug_resistance_RNAseq/SA535_CYS_human/SCRNA10X_SA_CHIP0182_002
    shell:
        python /home/htran/Projects/farhia_project/rscript/pipeline/utils/script_tenx_human.py --library_id SCRNA10X_SA_CHIP0182_002 --download_dir /home/htran/storage/datasets/drug_resistance_RNAseq/SA535_CYS_human
        (one of the commands exited with non-zero exit code; note that snakemake uses bash strict mode!)

[Wed Jul 15 20:54:12 2020]
Error in rule download_data:
    jobid: 2
    output: /home/htran/storage/datasets/drug_resistance_RNAseq/SA535_CYS_human/SCRNA10X_SA_CHIP0146_004
    shell:
        python /home/htran/Projects/farhia_project/rscript/pipeline/utils/script_tenx_human.py --library_id SCRNA10X_SA_CHIP0146_004 --download_dir /home/htran/storage/datasets/drug_resistance_RNAseq/SA535_CYS_human
        (one of the commands exited with non-zero exit code; note that snakemake uses bash strict mode!)

[Wed Jul 15 20:54:12 2020]
Error in rule download_data:
    jobid: 12
    output: /home/htran/storage/datasets/drug_resistance_RNAseq/SA535_CYS_human/SCRNA10X_SA_CHIP0189_001
    shell:
        python /home/htran/Projects/farhia_project/rscript/pipeline/utils/script_tenx_human.py --library_id SCRNA10X_SA_CHIP0189_001 --download_dir /home/htran/storage/datasets/drug_resistance_RNAseq/SA535_CYS_human
        (one of the commands exited with non-zero exit code; note that snakemake uses bash strict mode!)

[Wed Jul 15 20:54:12 2020]
Error in rule download_data:
    jobid: 4
    output: /home/htran/storage/datasets/drug_resistance_RNAseq/SA535_CYS_human/SCRNA10X_SA_CHIP0148_001
    shell:
        python /home/htran/Projects/farhia_project/rscript/pipeline/utils/script_tenx_human.py --library_id SCRNA10X_SA_CHIP0148_001 --download_dir /home/htran/storage/datasets/drug_resistance_RNAseq/SA535_CYS_human
        (one of the commands exited with non-zero exit code; note that snakemake uses bash strict mode!)

[Wed Jul 15 20:54:12 2020]
Error in rule download_data:
    jobid: 3
    output: /home/htran/storage/datasets/drug_resistance_RNAseq/SA535_CYS_human/SCRNA10X_SA_CHIP0146_006
    shell:
        python /home/htran/Projects/farhia_project/rscript/pipeline/utils/script_tenx_human.py --library_id SCRNA10X_SA_CHIP0146_006 --download_dir /home/htran/storage/datasets/drug_resistance_RNAseq/SA535_CYS_human
        (one of the commands exited with non-zero exit code; note that snakemake uses bash strict mode!)

[Wed Jul 15 20:54:12 2020]
Error in rule download_data:
    jobid: 6
    output: /home/htran/storage/datasets/drug_resistance_RNAseq/SA535_CYS_human/SCRNA10X_SA_CHIP0173_002
    shell:
        python /home/htran/Projects/farhia_project/rscript/pipeline/utils/script_tenx_human.py --library_id SCRNA10X_SA_CHIP0173_002 --download_dir /home/htran/storage/datasets/drug_resistance_RNAseq/SA535_CYS_human
        (one of the commands exited with non-zero exit code; note that snakemake uses bash strict mode!)

Shutting down, this might take some time.
Exiting because a job execution failed. Look above for error message
Complete log: /home/htran/Projects/farhia_project/rscript/snakemake_10x/SA535_cys/.snakemake/log/2020-07-15T205405.520724.snakemake.log
