Building DAG of jobs...
Using shell: /bin/bash
Provided cores: 8
Rules claiming more threads will be scaled down.
Job counts:
	count	jobs
	1	all
	13	download_data
	1	merge_data
	15

[Wed Jul 15 21:01:35 2020]
rule download_data:
    output: /home/htran/storage/datasets/drug_resistance_RNAseq/SA535_CYS_human/SCRNA10X_SA_CHIP0146_006
    jobid: 3
    wildcards: library=SCRNA10X_SA_CHIP0146_006


[Wed Jul 15 21:01:35 2020]
rule download_data:
    output: /home/htran/storage/datasets/drug_resistance_RNAseq/SA535_CYS_human/SCRNA10X_SA_CHIP0189_001
    jobid: 12
    wildcards: library=SCRNA10X_SA_CHIP0189_001


[Wed Jul 15 21:01:35 2020]
rule download_data:
    output: /home/htran/storage/datasets/drug_resistance_RNAseq/SA535_CYS_human/SCRNA10X_SA_CHIP0182_001
    jobid: 8
    wildcards: library=SCRNA10X_SA_CHIP0182_001


[Wed Jul 15 21:01:35 2020]
rule download_data:
    output: /home/htran/storage/datasets/drug_resistance_RNAseq/SA535_CYS_human/SCRNA10X_SA_CHIP0195_001
    jobid: 14
    wildcards: library=SCRNA10X_SA_CHIP0195_001


[Wed Jul 15 21:01:35 2020]
rule download_data:
    output: /home/htran/storage/datasets/drug_resistance_RNAseq/SA535_CYS_human/SCRNA10X_SA_CHIP0173_002
    jobid: 6
    wildcards: library=SCRNA10X_SA_CHIP0173_002


[Wed Jul 15 21:01:35 2020]
rule download_data:
    output: /home/htran/storage/datasets/drug_resistance_RNAseq/SA535_CYS_human/SCRNA10X_SA_CHIP0148_001
    jobid: 4
    wildcards: library=SCRNA10X_SA_CHIP0148_001


[Wed Jul 15 21:01:35 2020]
rule download_data:
    output: /home/htran/storage/datasets/drug_resistance_RNAseq/SA535_CYS_human/SCRNA10X_SA_CHIP0184_002
    jobid: 11
    wildcards: library=SCRNA10X_SA_CHIP0184_002


[Wed Jul 15 21:01:35 2020]
rule download_data:
    output: /home/htran/storage/datasets/drug_resistance_RNAseq/SA535_CYS_human/SCRNA10X_SA_CHIP0184_001
    jobid: 10
    wildcards: library=SCRNA10X_SA_CHIP0184_001

[Wed Jul 15 21:01:38 2020]
Finished job 4.
1 of 15 steps (7%) done

[Wed Jul 15 21:01:38 2020]
rule download_data:
    output: /home/htran/storage/datasets/drug_resistance_RNAseq/SA535_CYS_human/SCRNA10X_SA_CHIP0173_001
    jobid: 5
    wildcards: library=SCRNA10X_SA_CHIP0173_001

[Wed Jul 15 21:01:38 2020]
Finished job 14.
2 of 15 steps (13%) done

[Wed Jul 15 21:01:38 2020]
rule download_data:
    output: /home/htran/storage/datasets/drug_resistance_RNAseq/SA535_CYS_human/SCRNA10X_SA_CHIP0146_004
    jobid: 2
    wildcards: library=SCRNA10X_SA_CHIP0146_004

[Wed Jul 15 21:01:39 2020]
Finished job 8.
3 of 15 steps (20%) done

[Wed Jul 15 21:01:39 2020]
rule download_data:
    output: /home/htran/storage/datasets/drug_resistance_RNAseq/SA535_CYS_human/SCRNA10X_SA_CHIP0182_002
    jobid: 9
    wildcards: library=SCRNA10X_SA_CHIP0182_002

[Wed Jul 15 21:01:39 2020]
Finished job 10.
4 of 15 steps (27%) done

[Wed Jul 15 21:01:39 2020]
rule download_data:
    output: /home/htran/storage/datasets/drug_resistance_RNAseq/SA535_CYS_human/SCRNA10X_SA_CHIP0189_002
    jobid: 13
    wildcards: library=SCRNA10X_SA_CHIP0189_002

[Wed Jul 15 21:01:39 2020]
Finished job 6.
5 of 15 steps (33%) done

[Wed Jul 15 21:01:39 2020]
rule download_data:
    output: /home/htran/storage/datasets/drug_resistance_RNAseq/SA535_CYS_human/SCRNA10X_SA_CHIP0175_001
    jobid: 7
    wildcards: library=SCRNA10X_SA_CHIP0175_001

[Wed Jul 15 21:01:40 2020]
Finished job 3.
6 of 15 steps (40%) done
[Wed Jul 15 21:01:40 2020]
Finished job 11.
7 of 15 steps (47%) done
[Wed Jul 15 21:01:40 2020]
Finished job 12.
8 of 15 steps (53%) done
[Wed Jul 15 21:01:42 2020]
Finished job 5.
9 of 15 steps (60%) done
[Wed Jul 15 21:01:42 2020]
Finished job 9.
10 of 15 steps (67%) done
[Wed Jul 15 21:01:42 2020]
Finished job 2.
11 of 15 steps (73%) done
[Wed Jul 15 21:01:42 2020]
Finished job 13.
12 of 15 steps (80%) done
[Wed Jul 15 21:01:43 2020]
Finished job 7.
13 of 15 steps (87%) done

[Wed Jul 15 21:01:43 2020]
rule merge_data:
    input: /home/htran/storage/datasets/drug_resistance_RNAseq/SA535_CYS_human/SCRNA10X_SA_CHIP0146_004, /home/htran/storage/datasets/drug_resistance_RNAseq/SA535_CYS_human/SCRNA10X_SA_CHIP0146_006, /home/htran/storage/datasets/drug_resistance_RNAseq/SA535_CYS_human/SCRNA10X_SA_CHIP0148_001, /home/htran/storage/datasets/drug_resistance_RNAseq/SA535_CYS_human/SCRNA10X_SA_CHIP0173_001, /home/htran/storage/datasets/drug_resistance_RNAseq/SA535_CYS_human/SCRNA10X_SA_CHIP0173_002, /home/htran/storage/datasets/drug_resistance_RNAseq/SA535_CYS_human/SCRNA10X_SA_CHIP0175_001, /home/htran/storage/datasets/drug_resistance_RNAseq/SA535_CYS_human/SCRNA10X_SA_CHIP0182_001, /home/htran/storage/datasets/drug_resistance_RNAseq/SA535_CYS_human/SCRNA10X_SA_CHIP0182_002, /home/htran/storage/datasets/drug_resistance_RNAseq/SA535_CYS_human/SCRNA10X_SA_CHIP0184_001, /home/htran/storage/datasets/drug_resistance_RNAseq/SA535_CYS_human/SCRNA10X_SA_CHIP0184_002, /home/htran/storage/datasets/drug_resistance_RNAseq/SA535_CYS_human/SCRNA10X_SA_CHIP0189_001, /home/htran/storage/datasets/drug_resistance_RNAseq/SA535_CYS_human/SCRNA10X_SA_CHIP0189_002, /home/htran/storage/datasets/drug_resistance_RNAseq/SA535_CYS_human/SCRNA10X_SA_CHIP0195_001
    output: /home/htran/storage/datasets/drug_resistance/dlp_results/SA535_rna_cys/SA535_human_download_log.csv
    jobid: 1

[Wed Jul 15 21:01:48 2020]
Finished job 1.
14 of 15 steps (93%) done

[Wed Jul 15 21:01:48 2020]
localrule all:
    input: /home/htran/storage/datasets/drug_resistance/dlp_results/SA535_rna_cys/SA535_human_download_log.csv
    jobid: 0

[Wed Jul 15 21:01:48 2020]
Finished job 0.
15 of 15 steps (100%) done
Complete log: /home/htran/Projects/farhia_project/rscript/snakemake_10x/SA535_cys/.snakemake/log/2020-07-15T210135.081491.snakemake.log
