Building DAG of jobs...
Using shell: /bin/bash
Provided cores: 8
Rules claiming more threads will be scaled down.
Job counts:
	count	jobs
	1	all
	13	filter_data
	1	merge_filter_data
	15

[Wed Jul 15 21:22:00 2020]
rule filter_data:
    input: /home/htran/storage/datasets/drug_resistance_RNAseq/SA535_CYS_human/SCRNA10X_SA_CHIP0182_002/SCRNA10X_SA_CHIP0182_002.rdata
    output: /home/htran/storage/datasets/drug_resistance/dlp_results/SA535_rna_cys/filtered/SCRNA10X_SA_CHIP0182_002_filtered.rds
    jobid: 9
    wildcards: library=SCRNA10X_SA_CHIP0182_002


[Wed Jul 15 21:22:00 2020]
rule filter_data:
    input: /home/htran/storage/datasets/drug_resistance_RNAseq/SA535_CYS_human/SCRNA10X_SA_CHIP0173_002/SCRNA10X_SA_CHIP0173_002.rdata
    output: /home/htran/storage/datasets/drug_resistance/dlp_results/SA535_rna_cys/filtered/SCRNA10X_SA_CHIP0173_002_filtered.rds
    jobid: 6
    wildcards: library=SCRNA10X_SA_CHIP0173_002


[Wed Jul 15 21:22:00 2020]
rule filter_data:
    input: /home/htran/storage/datasets/drug_resistance_RNAseq/SA535_CYS_human/SCRNA10X_SA_CHIP0146_006/SCRNA10X_SA_CHIP0146_006.rdata
    output: /home/htran/storage/datasets/drug_resistance/dlp_results/SA535_rna_cys/filtered/SCRNA10X_SA_CHIP0146_006_filtered.rds
    jobid: 3
    wildcards: library=SCRNA10X_SA_CHIP0146_006


[Wed Jul 15 21:22:00 2020]
rule filter_data:
    input: /home/htran/storage/datasets/drug_resistance_RNAseq/SA535_CYS_human/SCRNA10X_SA_CHIP0173_001/SCRNA10X_SA_CHIP0173_001.rdata
    output: /home/htran/storage/datasets/drug_resistance/dlp_results/SA535_rna_cys/filtered/SCRNA10X_SA_CHIP0173_001_filtered.rds
    jobid: 5
    wildcards: library=SCRNA10X_SA_CHIP0173_001


[Wed Jul 15 21:22:00 2020]
rule filter_data:
    input: /home/htran/storage/datasets/drug_resistance_RNAseq/SA535_CYS_human/SCRNA10X_SA_CHIP0175_001/SCRNA10X_SA_CHIP0175_001.rdata
    output: /home/htran/storage/datasets/drug_resistance/dlp_results/SA535_rna_cys/filtered/SCRNA10X_SA_CHIP0175_001_filtered.rds
    jobid: 7
    wildcards: library=SCRNA10X_SA_CHIP0175_001


[Wed Jul 15 21:22:00 2020]
rule filter_data:
    input: /home/htran/storage/datasets/drug_resistance_RNAseq/SA535_CYS_human/SCRNA10X_SA_CHIP0182_001/SCRNA10X_SA_CHIP0182_001.rdata
    output: /home/htran/storage/datasets/drug_resistance/dlp_results/SA535_rna_cys/filtered/SCRNA10X_SA_CHIP0182_001_filtered.rds
    jobid: 8
    wildcards: library=SCRNA10X_SA_CHIP0182_001


[Wed Jul 15 21:22:00 2020]
rule filter_data:
    input: /home/htran/storage/datasets/drug_resistance_RNAseq/SA535_CYS_human/SCRNA10X_SA_CHIP0184_002/SCRNA10X_SA_CHIP0184_002.rdata
    output: /home/htran/storage/datasets/drug_resistance/dlp_results/SA535_rna_cys/filtered/SCRNA10X_SA_CHIP0184_002_filtered.rds
    jobid: 11
    wildcards: library=SCRNA10X_SA_CHIP0184_002


[Wed Jul 15 21:22:00 2020]
rule filter_data:
    input: /home/htran/storage/datasets/drug_resistance_RNAseq/SA535_CYS_human/SCRNA10X_SA_CHIP0195_001/SCRNA10X_SA_CHIP0195_001.rdata
    output: /home/htran/storage/datasets/drug_resistance/dlp_results/SA535_rna_cys/filtered/SCRNA10X_SA_CHIP0195_001_filtered.rds
    jobid: 14
    wildcards: library=SCRNA10X_SA_CHIP0195_001

[Wed Jul 15 21:22:11 2020]
Error in rule filter_data:
    jobid: 8
    output: /home/htran/storage/datasets/drug_resistance/dlp_results/SA535_rna_cys/filtered/SCRNA10X_SA_CHIP0182_001_filtered.rds
    shell:
        Rscript /home/htran/Projects/farhia_project/rscript/pipeline/qc_filtering.R --inputfile /home/htran/storage/datasets/drug_resistance_RNAseq/SA535_CYS_human/SCRNA10X_SA_CHIP0182_001/SCRNA10X_SA_CHIP0182_001.rdata --outputfile /home/htran/storage/datasets/drug_resistance/dlp_results/SA535_rna_cys/filtered/SCRNA10X_SA_CHIP0182_001_filtered.rds --library_id SCRNA10X_SA_CHIP0182_001 --mouse_id SA535X7XB03304 --treatmentSt UTT --batch_info CHIP0182 --pdxid SA535--max_mito 20 --max_ribo 60 --min_pc_detected 100 --min_features 1000 --min_pc_sum 500 
        (one of the commands exited with non-zero exit code; note that snakemake uses bash strict mode!)

[Wed Jul 15 21:22:11 2020]
Error in rule filter_data:
    jobid: 3
    output: /home/htran/storage/datasets/drug_resistance/dlp_results/SA535_rna_cys/filtered/SCRNA10X_SA_CHIP0146_006_filtered.rds
    shell:
        Rscript /home/htran/Projects/farhia_project/rscript/pipeline/qc_filtering.R --inputfile /home/htran/storage/datasets/drug_resistance_RNAseq/SA535_CYS_human/SCRNA10X_SA_CHIP0146_006/SCRNA10X_SA_CHIP0146_006.rdata --outputfile /home/htran/storage/datasets/drug_resistance/dlp_results/SA535_rna_cys/filtered/SCRNA10X_SA_CHIP0146_006_filtered.rds --library_id SCRNA10X_SA_CHIP0146_006 --mouse_id SA535X6XB03099 --treatmentSt UU --batch_info CHIP0146 --pdxid SA535--max_mito 20 --max_ribo 60 --min_pc_detected 100 --min_features 1000 --min_pc_sum 500 
        (one of the commands exited with non-zero exit code; note that snakemake uses bash strict mode!)

[Wed Jul 15 21:22:11 2020]
Error in rule filter_data:
    jobid: 5
    output: /home/htran/storage/datasets/drug_resistance/dlp_results/SA535_rna_cys/filtered/SCRNA10X_SA_CHIP0173_001_filtered.rds
    shell:
        Rscript /home/htran/Projects/farhia_project/rscript/pipeline/qc_filtering.R --inputfile /home/htran/storage/datasets/drug_resistance_RNAseq/SA535_CYS_human/SCRNA10X_SA_CHIP0173_001/SCRNA10X_SA_CHIP0173_001.rdata --outputfile /home/htran/storage/datasets/drug_resistance/dlp_results/SA535_rna_cys/filtered/SCRNA10X_SA_CHIP0173_001_filtered.rds --library_id SCRNA10X_SA_CHIP0173_001 --mouse_id SA535X9XB03616 --treatmentSt UTTTU --batch_info CHIP0173 --pdxid SA535--max_mito 20 --max_ribo 60 --min_pc_detected 100 --min_features 1000 --min_pc_sum 500 
        (one of the commands exited with non-zero exit code; note that snakemake uses bash strict mode!)

[Wed Jul 15 21:22:11 2020]
Error in rule filter_data:
    jobid: 14
    output: /home/htran/storage/datasets/drug_resistance/dlp_results/SA535_rna_cys/filtered/SCRNA10X_SA_CHIP0195_001_filtered.rds
    shell:
        Rscript /home/htran/Projects/farhia_project/rscript/pipeline/qc_filtering.R --inputfile /home/htran/storage/datasets/drug_resistance_RNAseq/SA535_CYS_human/SCRNA10X_SA_CHIP0195_001/SCRNA10X_SA_CHIP0195_001.rdata --outputfile /home/htran/storage/datasets/drug_resistance/dlp_results/SA535_rna_cys/filtered/SCRNA10X_SA_CHIP0195_001_filtered.rds --library_id SCRNA10X_SA_CHIP0195_001 --mouse_id SA535X8XB03664 --treatmentSt UUUU --batch_info CHIP0195 --pdxid SA535--max_mito 20 --max_ribo 60 --min_pc_detected 100 --min_features 1000 --min_pc_sum 500 
        (one of the commands exited with non-zero exit code; note that snakemake uses bash strict mode!)

[Wed Jul 15 21:22:11 2020]
Error in rule filter_data:
    jobid: 9
    output: /home/htran/storage/datasets/drug_resistance/dlp_results/SA535_rna_cys/filtered/SCRNA10X_SA_CHIP0182_002_filtered.rds
    shell:
        Rscript /home/htran/Projects/farhia_project/rscript/pipeline/qc_filtering.R --inputfile /home/htran/storage/datasets/drug_resistance_RNAseq/SA535_CYS_human/SCRNA10X_SA_CHIP0182_002/SCRNA10X_SA_CHIP0182_002.rdata --outputfile /home/htran/storage/datasets/drug_resistance/dlp_results/SA535_rna_cys/filtered/SCRNA10X_SA_CHIP0182_002_filtered.rds --library_id SCRNA10X_SA_CHIP0182_002 --mouse_id SA535X8XB03431 --treatmentSt UTTT --batch_info CHIP0182 --pdxid SA535--max_mito 20 --max_ribo 60 --min_pc_detected 100 --min_features 1000 --min_pc_sum 500 
        (one of the commands exited with non-zero exit code; note that snakemake uses bash strict mode!)

[Wed Jul 15 21:22:11 2020]
Error in rule filter_data:
    jobid: 6
    output: /home/htran/storage/datasets/drug_resistance/dlp_results/SA535_rna_cys/filtered/SCRNA10X_SA_CHIP0173_002_filtered.rds
    shell:
        Rscript /home/htran/Projects/farhia_project/rscript/pipeline/qc_filtering.R --inputfile /home/htran/storage/datasets/drug_resistance_RNAseq/SA535_CYS_human/SCRNA10X_SA_CHIP0173_002/SCRNA10X_SA_CHIP0173_002.rdata --outputfile /home/htran/storage/datasets/drug_resistance/dlp_results/SA535_rna_cys/filtered/SCRNA10X_SA_CHIP0173_002_filtered.rds --library_id SCRNA10X_SA_CHIP0173_002 --mouse_id SA535X9XB03617 --treatmentSt UTTTT --batch_info CHIP0173 --pdxid SA535--max_mito 20 --max_ribo 60 --min_pc_detected 100 --min_features 1000 --min_pc_sum 500 
        (one of the commands exited with non-zero exit code; note that snakemake uses bash strict mode!)

[Wed Jul 15 21:22:11 2020]
Error in rule filter_data:
    jobid: 7
    output: /home/htran/storage/datasets/drug_resistance/dlp_results/SA535_rna_cys/filtered/SCRNA10X_SA_CHIP0175_001_filtered.rds
    shell:
        Rscript /home/htran/Projects/farhia_project/rscript/pipeline/qc_filtering.R --inputfile /home/htran/storage/datasets/drug_resistance_RNAseq/SA535_CYS_human/SCRNA10X_SA_CHIP0175_001/SCRNA10X_SA_CHIP0175_001.rdata --outputfile /home/htran/storage/datasets/drug_resistance/dlp_results/SA535_rna_cys/filtered/SCRNA10X_SA_CHIP0175_001_filtered.rds --library_id SCRNA10X_SA_CHIP0175_001 --mouse_id SA535X6XB03101 --treatmentSt UT --batch_info CHIP0175 --pdxid SA535--max_mito 20 --max_ribo 60 --min_pc_detected 100 --min_features 1000 --min_pc_sum 500 
        (one of the commands exited with non-zero exit code; note that snakemake uses bash strict mode!)

[Wed Jul 15 21:22:12 2020]
Error in rule filter_data:
    jobid: 11
    output: /home/htran/storage/datasets/drug_resistance/dlp_results/SA535_rna_cys/filtered/SCRNA10X_SA_CHIP0184_002_filtered.rds
    shell:
        Rscript /home/htran/Projects/farhia_project/rscript/pipeline/qc_filtering.R --inputfile /home/htran/storage/datasets/drug_resistance_RNAseq/SA535_CYS_human/SCRNA10X_SA_CHIP0184_002/SCRNA10X_SA_CHIP0184_002.rdata --outputfile /home/htran/storage/datasets/drug_resistance/dlp_results/SA535_rna_cys/filtered/SCRNA10X_SA_CHIP0184_002_filtered.rds --library_id SCRNA10X_SA_CHIP0184_002 --mouse_id SA535X8XB03434 --treatmentSt UTTU --batch_info CHIP0184 --pdxid SA535--max_mito 20 --max_ribo 60 --min_pc_detected 100 --min_features 1000 --min_pc_sum 500 
        (one of the commands exited with non-zero exit code; note that snakemake uses bash strict mode!)

Shutting down, this might take some time.
Exiting because a job execution failed. Look above for error message
Complete log: /home/htran/Projects/farhia_project/rscript/snakemake_10x/SA535_cys/.snakemake/log/2020-07-15T212200.269331.snakemake.log
