Building DAG of jobs...
Using shell: /bin/bash
Provided cores: 8
Rules claiming more threads will be scaled down.
Job counts:
	count	jobs
	1	all
	1	cell_cycle_detection
	1	filter_data
	1	merge_filter_data
	4

[Thu Jul 16 00:06:08 2020]
rule filter_data:
    input: /home/htran/storage/datasets/drug_resistance_RNAseq/SA535_CYS_human/TENX048/TENX048.rdata
    output: /home/htran/storage/datasets/drug_resistance/dlp_results/SA535_rna_cys/filtered/TENX048_filtered.rds
    jobid: 29
    wildcards: library=TENX048

[Thu Jul 16 00:06:19 2020]
Finished job 29.
1 of 4 steps (25%) done

[Thu Jul 16 00:06:19 2020]
rule cell_cycle_detection:
    input: /home/htran/storage/datasets/drug_resistance/dlp_results/SA535_rna_cys/filtered/TENX048_filtered.rds
    output: /home/htran/storage/datasets/drug_resistance/dlp_results/SA535_rna_cys/cell_cycle/TENX048_assignments.rds
    jobid: 15
    wildcards: library=TENX048

[Thu Jul 16 00:07:46 2020]
Finished job 15.
2 of 4 steps (50%) done

[Thu Jul 16 00:07:46 2020]
rule merge_filter_data:
    input: /home/htran/storage/datasets/drug_resistance/dlp_results/SA535_rna_cys/cell_cycle/SCRNA10X_SA_CHIP0146_004_assignments.rds, /home/htran/storage/datasets/drug_resistance/dlp_results/SA535_rna_cys/cell_cycle/SCRNA10X_SA_CHIP0146_006_assignments.rds, /home/htran/storage/datasets/drug_resistance/dlp_results/SA535_rna_cys/cell_cycle/SCRNA10X_SA_CHIP0148_001_assignments.rds, /home/htran/storage/datasets/drug_resistance/dlp_results/SA535_rna_cys/cell_cycle/SCRNA10X_SA_CHIP0173_001_assignments.rds, /home/htran/storage/datasets/drug_resistance/dlp_results/SA535_rna_cys/cell_cycle/SCRNA10X_SA_CHIP0173_002_assignments.rds, /home/htran/storage/datasets/drug_resistance/dlp_results/SA535_rna_cys/cell_cycle/SCRNA10X_SA_CHIP0175_001_assignments.rds, /home/htran/storage/datasets/drug_resistance/dlp_results/SA535_rna_cys/cell_cycle/SCRNA10X_SA_CHIP0182_001_assignments.rds, /home/htran/storage/datasets/drug_resistance/dlp_results/SA535_rna_cys/cell_cycle/SCRNA10X_SA_CHIP0182_002_assignments.rds, /home/htran/storage/datasets/drug_resistance/dlp_results/SA535_rna_cys/cell_cycle/SCRNA10X_SA_CHIP0184_001_assignments.rds, /home/htran/storage/datasets/drug_resistance/dlp_results/SA535_rna_cys/cell_cycle/SCRNA10X_SA_CHIP0184_002_assignments.rds, /home/htran/storage/datasets/drug_resistance/dlp_results/SA535_rna_cys/cell_cycle/SCRNA10X_SA_CHIP0189_001_assignments.rds, /home/htran/storage/datasets/drug_resistance/dlp_results/SA535_rna_cys/cell_cycle/SCRNA10X_SA_CHIP0189_002_assignments.rds, /home/htran/storage/datasets/drug_resistance/dlp_results/SA535_rna_cys/cell_cycle/SCRNA10X_SA_CHIP0195_001_assignments.rds, /home/htran/storage/datasets/drug_resistance/dlp_results/SA535_rna_cys/cell_cycle/TENX048_assignments.rds
    output: /home/htran/storage/datasets/drug_resistance/dlp_results/SA535_rna_cys/SA535_10x_filtering_log.csv
    jobid: 1

[Thu Jul 16 00:07:52 2020]
Finished job 1.
3 of 4 steps (75%) done

[Thu Jul 16 00:07:52 2020]
localrule all:
    input: /home/htran/storage/datasets/drug_resistance/dlp_results/SA535_rna_cys/SA535_10x_filtering_log.csv
    jobid: 0

[Thu Jul 16 00:07:52 2020]
Finished job 0.
4 of 4 steps (100%) done
Complete log: /home/htran/Projects/farhia_project/rscript/snakemake_10x/SA535_cys/.snakemake/log/2020-07-16T000608.110831.snakemake.log
