Building DAG of jobs...
Using shell: /bin/bash
Provided cores: 8
Rules claiming more threads will be scaled down.
Job counts:
	count	jobs
	1	all
	14	cell_cycle_detection
	1	download_data
	14	filter_data
	1	merge_filter_data
	31

[Wed Jul 15 23:43:38 2020]
rule filter_data:
    input: /home/htran/storage/datasets/drug_resistance_RNAseq/SA535_CYS_human/SCRNA10X_SA_CHIP0182_001/SCRNA10X_SA_CHIP0182_001.rdata
    output: /home/htran/storage/datasets/drug_resistance/dlp_results/SA535_rna_cys/filtered/SCRNA10X_SA_CHIP0182_001_filtered.rds
    jobid: 22
    wildcards: library=SCRNA10X_SA_CHIP0182_001


[Wed Jul 15 23:43:38 2020]
rule filter_data:
    input: /home/htran/storage/datasets/drug_resistance_RNAseq/SA535_CYS_human/SCRNA10X_SA_CHIP0195_001/SCRNA10X_SA_CHIP0195_001.rdata
    output: /home/htran/storage/datasets/drug_resistance/dlp_results/SA535_rna_cys/filtered/SCRNA10X_SA_CHIP0195_001_filtered.rds
    jobid: 28
    wildcards: library=SCRNA10X_SA_CHIP0195_001


[Wed Jul 15 23:43:38 2020]
rule filter_data:
    input: /home/htran/storage/datasets/drug_resistance_RNAseq/SA535_CYS_human/SCRNA10X_SA_CHIP0184_002/SCRNA10X_SA_CHIP0184_002.rdata
    output: /home/htran/storage/datasets/drug_resistance/dlp_results/SA535_rna_cys/filtered/SCRNA10X_SA_CHIP0184_002_filtered.rds
    jobid: 25
    wildcards: library=SCRNA10X_SA_CHIP0184_002


[Wed Jul 15 23:43:38 2020]
rule filter_data:
    input: /home/htran/storage/datasets/drug_resistance_RNAseq/SA535_CYS_human/SCRNA10X_SA_CHIP0146_006/SCRNA10X_SA_CHIP0146_006.rdata
    output: /home/htran/storage/datasets/drug_resistance/dlp_results/SA535_rna_cys/filtered/SCRNA10X_SA_CHIP0146_006_filtered.rds
    jobid: 17
    wildcards: library=SCRNA10X_SA_CHIP0146_006


[Wed Jul 15 23:43:38 2020]
rule filter_data:
    input: /home/htran/storage/datasets/drug_resistance_RNAseq/SA535_CYS_human/SCRNA10X_SA_CHIP0182_002/SCRNA10X_SA_CHIP0182_002.rdata
    output: /home/htran/storage/datasets/drug_resistance/dlp_results/SA535_rna_cys/filtered/SCRNA10X_SA_CHIP0182_002_filtered.rds
    jobid: 23
    wildcards: library=SCRNA10X_SA_CHIP0182_002


[Wed Jul 15 23:43:38 2020]
rule filter_data:
    input: /home/htran/storage/datasets/drug_resistance_RNAseq/SA535_CYS_human/SCRNA10X_SA_CHIP0175_001/SCRNA10X_SA_CHIP0175_001.rdata
    output: /home/htran/storage/datasets/drug_resistance/dlp_results/SA535_rna_cys/filtered/SCRNA10X_SA_CHIP0175_001_filtered.rds
    jobid: 21
    wildcards: library=SCRNA10X_SA_CHIP0175_001


[Wed Jul 15 23:43:38 2020]
rule filter_data:
    input: /home/htran/storage/datasets/drug_resistance_RNAseq/SA535_CYS_human/SCRNA10X_SA_CHIP0173_001/SCRNA10X_SA_CHIP0173_001.rdata
    output: /home/htran/storage/datasets/drug_resistance/dlp_results/SA535_rna_cys/filtered/SCRNA10X_SA_CHIP0173_001_filtered.rds
    jobid: 19
    wildcards: library=SCRNA10X_SA_CHIP0173_001


[Wed Jul 15 23:43:38 2020]
rule filter_data:
    input: /home/htran/storage/datasets/drug_resistance_RNAseq/SA535_CYS_human/SCRNA10X_SA_CHIP0173_002/SCRNA10X_SA_CHIP0173_002.rdata
    output: /home/htran/storage/datasets/drug_resistance/dlp_results/SA535_rna_cys/filtered/SCRNA10X_SA_CHIP0173_002_filtered.rds
    jobid: 20
    wildcards: library=SCRNA10X_SA_CHIP0173_002

[Wed Jul 15 23:44:04 2020]
Finished job 22.
1 of 31 steps (3%) done

[Wed Jul 15 23:44:04 2020]
rule filter_data:
    input: /home/htran/storage/datasets/drug_resistance_RNAseq/SA535_CYS_human/SCRNA10X_SA_CHIP0148_001/SCRNA10X_SA_CHIP0148_001.rdata
    output: /home/htran/storage/datasets/drug_resistance/dlp_results/SA535_rna_cys/filtered/SCRNA10X_SA_CHIP0148_001_filtered.rds
    jobid: 18
    wildcards: library=SCRNA10X_SA_CHIP0148_001

[Wed Jul 15 23:44:05 2020]
Finished job 25.
2 of 31 steps (6%) done

[Wed Jul 15 23:44:05 2020]
rule filter_data:
    input: /home/htran/storage/datasets/drug_resistance_RNAseq/SA535_CYS_human/SCRNA10X_SA_CHIP0189_002/SCRNA10X_SA_CHIP0189_002.rdata
    output: /home/htran/storage/datasets/drug_resistance/dlp_results/SA535_rna_cys/filtered/SCRNA10X_SA_CHIP0189_002_filtered.rds
    jobid: 27
    wildcards: library=SCRNA10X_SA_CHIP0189_002

[Wed Jul 15 23:44:06 2020]
Finished job 23.
3 of 31 steps (10%) done

[Wed Jul 15 23:44:06 2020]
rule filter_data:
    input: /home/htran/storage/datasets/drug_resistance_RNAseq/SA535_CYS_human/SCRNA10X_SA_CHIP0189_001/SCRNA10X_SA_CHIP0189_001.rdata
    output: /home/htran/storage/datasets/drug_resistance/dlp_results/SA535_rna_cys/filtered/SCRNA10X_SA_CHIP0189_001_filtered.rds
    jobid: 26
    wildcards: library=SCRNA10X_SA_CHIP0189_001

[Wed Jul 15 23:44:07 2020]
Finished job 20.
4 of 31 steps (13%) done

[Wed Jul 15 23:44:07 2020]
rule filter_data:
    input: /home/htran/storage/datasets/drug_resistance_RNAseq/SA535_CYS_human/SCRNA10X_SA_CHIP0146_004/SCRNA10X_SA_CHIP0146_004.rdata
    output: /home/htran/storage/datasets/drug_resistance/dlp_results/SA535_rna_cys/filtered/SCRNA10X_SA_CHIP0146_004_filtered.rds
    jobid: 16
    wildcards: library=SCRNA10X_SA_CHIP0146_004

[Wed Jul 15 23:44:09 2020]
Finished job 17.
5 of 31 steps (16%) done

[Wed Jul 15 23:44:09 2020]
rule cell_cycle_detection:
    input: /home/htran/storage/datasets/drug_resistance/dlp_results/SA535_rna_cys/filtered/SCRNA10X_SA_CHIP0146_006_filtered.rds
    output: /home/htran/storage/datasets/drug_resistance/dlp_results/SA535_rna_cys/cell_cycle/SCRNA10X_SA_CHIP0146_006_assignments.rds
    jobid: 3
    wildcards: library=SCRNA10X_SA_CHIP0146_006

[Wed Jul 15 23:44:10 2020]
Finished job 19.
6 of 31 steps (19%) done

[Wed Jul 15 23:44:10 2020]
rule cell_cycle_detection:
    input: /home/htran/storage/datasets/drug_resistance/dlp_results/SA535_rna_cys/filtered/SCRNA10X_SA_CHIP0173_001_filtered.rds
    output: /home/htran/storage/datasets/drug_resistance/dlp_results/SA535_rna_cys/cell_cycle/SCRNA10X_SA_CHIP0173_001_assignments.rds
    jobid: 5
    wildcards: library=SCRNA10X_SA_CHIP0173_001

[Wed Jul 15 23:44:10 2020]
Finished job 28.
7 of 31 steps (23%) done

[Wed Jul 15 23:44:10 2020]
rule cell_cycle_detection:
    input: /home/htran/storage/datasets/drug_resistance/dlp_results/SA535_rna_cys/filtered/SCRNA10X_SA_CHIP0195_001_filtered.rds
    output: /home/htran/storage/datasets/drug_resistance/dlp_results/SA535_rna_cys/cell_cycle/SCRNA10X_SA_CHIP0195_001_assignments.rds
    jobid: 14
    wildcards: library=SCRNA10X_SA_CHIP0195_001

[Wed Jul 15 23:44:11 2020]
Finished job 21.
8 of 31 steps (26%) done

[Wed Jul 15 23:44:11 2020]
rule cell_cycle_detection:
    input: /home/htran/storage/datasets/drug_resistance/dlp_results/SA535_rna_cys/filtered/SCRNA10X_SA_CHIP0175_001_filtered.rds
    output: /home/htran/storage/datasets/drug_resistance/dlp_results/SA535_rna_cys/cell_cycle/SCRNA10X_SA_CHIP0175_001_assignments.rds
    jobid: 7
    wildcards: library=SCRNA10X_SA_CHIP0175_001

[Wed Jul 15 23:44:27 2020]
Finished job 18.
9 of 31 steps (29%) done

[Wed Jul 15 23:44:27 2020]
rule cell_cycle_detection:
    input: /home/htran/storage/datasets/drug_resistance/dlp_results/SA535_rna_cys/filtered/SCRNA10X_SA_CHIP0173_002_filtered.rds
    output: /home/htran/storage/datasets/drug_resistance/dlp_results/SA535_rna_cys/cell_cycle/SCRNA10X_SA_CHIP0173_002_assignments.rds
    jobid: 6
    wildcards: library=SCRNA10X_SA_CHIP0173_002

[Wed Jul 15 23:44:29 2020]
Finished job 27.
10 of 31 steps (32%) done

[Wed Jul 15 23:44:29 2020]
rule cell_cycle_detection:
    input: /home/htran/storage/datasets/drug_resistance/dlp_results/SA535_rna_cys/filtered/SCRNA10X_SA_CHIP0182_002_filtered.rds
    output: /home/htran/storage/datasets/drug_resistance/dlp_results/SA535_rna_cys/cell_cycle/SCRNA10X_SA_CHIP0182_002_assignments.rds
    jobid: 9
    wildcards: library=SCRNA10X_SA_CHIP0182_002

[Wed Jul 15 23:44:30 2020]
Finished job 16.
11 of 31 steps (35%) done

[Wed Jul 15 23:44:30 2020]
rule filter_data:
    input: /home/htran/storage/datasets/drug_resistance_RNAseq/SA535_CYS_human/SCRNA10X_SA_CHIP0184_001/SCRNA10X_SA_CHIP0184_001.rdata
    output: /home/htran/storage/datasets/drug_resistance/dlp_results/SA535_rna_cys/filtered/SCRNA10X_SA_CHIP0184_001_filtered.rds
    jobid: 24
    wildcards: library=SCRNA10X_SA_CHIP0184_001

[Wed Jul 15 23:44:32 2020]
Finished job 26.
12 of 31 steps (39%) done

[Wed Jul 15 23:44:32 2020]
rule cell_cycle_detection:
    input: /home/htran/storage/datasets/drug_resistance/dlp_results/SA535_rna_cys/filtered/SCRNA10X_SA_CHIP0184_002_filtered.rds
    output: /home/htran/storage/datasets/drug_resistance/dlp_results/SA535_rna_cys/cell_cycle/SCRNA10X_SA_CHIP0184_002_assignments.rds
    jobid: 11
    wildcards: library=SCRNA10X_SA_CHIP0184_002

[Wed Jul 15 23:45:11 2020]
Finished job 24.
13 of 31 steps (42%) done

[Wed Jul 15 23:45:11 2020]
rule cell_cycle_detection:
    input: /home/htran/storage/datasets/drug_resistance/dlp_results/SA535_rna_cys/filtered/SCRNA10X_SA_CHIP0182_001_filtered.rds
    output: /home/htran/storage/datasets/drug_resistance/dlp_results/SA535_rna_cys/cell_cycle/SCRNA10X_SA_CHIP0182_001_assignments.rds
    jobid: 8
    wildcards: library=SCRNA10X_SA_CHIP0182_001

[Wed Jul 15 23:50:04 2020]
Finished job 11.
14 of 31 steps (45%) done

[Wed Jul 15 23:50:04 2020]
rule cell_cycle_detection:
    input: /home/htran/storage/datasets/drug_resistance/dlp_results/SA535_rna_cys/filtered/SCRNA10X_SA_CHIP0189_001_filtered.rds
    output: /home/htran/storage/datasets/drug_resistance/dlp_results/SA535_rna_cys/cell_cycle/SCRNA10X_SA_CHIP0189_001_assignments.rds
    jobid: 12
    wildcards: library=SCRNA10X_SA_CHIP0189_001

[Wed Jul 15 23:52:12 2020]
Finished job 8.
15 of 31 steps (48%) done

[Wed Jul 15 23:52:12 2020]
rule cell_cycle_detection:
    input: /home/htran/storage/datasets/drug_resistance/dlp_results/SA535_rna_cys/filtered/SCRNA10X_SA_CHIP0189_002_filtered.rds
    output: /home/htran/storage/datasets/drug_resistance/dlp_results/SA535_rna_cys/cell_cycle/SCRNA10X_SA_CHIP0189_002_assignments.rds
    jobid: 13
    wildcards: library=SCRNA10X_SA_CHIP0189_002

[Wed Jul 15 23:52:15 2020]
Finished job 6.
16 of 31 steps (52%) done

[Wed Jul 15 23:52:15 2020]
rule cell_cycle_detection:
    input: /home/htran/storage/datasets/drug_resistance/dlp_results/SA535_rna_cys/filtered/SCRNA10X_SA_CHIP0146_004_filtered.rds
    output: /home/htran/storage/datasets/drug_resistance/dlp_results/SA535_rna_cys/cell_cycle/SCRNA10X_SA_CHIP0146_004_assignments.rds
    jobid: 2
    wildcards: library=SCRNA10X_SA_CHIP0146_004

[Wed Jul 15 23:53:33 2020]
Finished job 9.
17 of 31 steps (55%) done

[Wed Jul 15 23:53:33 2020]
rule cell_cycle_detection:
    input: /home/htran/storage/datasets/drug_resistance/dlp_results/SA535_rna_cys/filtered/SCRNA10X_SA_CHIP0148_001_filtered.rds
    output: /home/htran/storage/datasets/drug_resistance/dlp_results/SA535_rna_cys/cell_cycle/SCRNA10X_SA_CHIP0148_001_assignments.rds
    jobid: 4
    wildcards: library=SCRNA10X_SA_CHIP0148_001

[Wed Jul 15 23:54:14 2020]
Finished job 7.
18 of 31 steps (58%) done

[Wed Jul 15 23:54:14 2020]
rule cell_cycle_detection:
    input: /home/htran/storage/datasets/drug_resistance/dlp_results/SA535_rna_cys/filtered/SCRNA10X_SA_CHIP0184_001_filtered.rds
    output: /home/htran/storage/datasets/drug_resistance/dlp_results/SA535_rna_cys/cell_cycle/SCRNA10X_SA_CHIP0184_001_assignments.rds
    jobid: 10
    wildcards: library=SCRNA10X_SA_CHIP0184_001

[Wed Jul 15 23:54:25 2020]
Finished job 14.
19 of 31 steps (61%) done

[Wed Jul 15 23:54:25 2020]
rule download_data:
    output: /home/htran/storage/datasets/drug_resistance_RNAseq/SA535_CYS_human/TENX048/TENX048.rdata
    jobid: 43
    wildcards: library=TENX048/TENX048.rdata

[Wed Jul 15 23:54:33 2020]
Finished job 43.
20 of 31 steps (65%) done

[Wed Jul 15 23:54:33 2020]
rule filter_data:
    input: /home/htran/storage/datasets/drug_resistance_RNAseq/SA535_CYS_human/TENX048/TENX048.rdata
    output: /home/htran/storage/datasets/drug_resistance/dlp_results/SA535_rna_cys/filtered/TENX048_filtered.rds
    jobid: 29
    wildcards: library=TENX048

[Wed Jul 15 23:54:54 2020]
Finished job 5.
21 of 31 steps (68%) done
[Wed Jul 15 23:54:58 2020]
Error in rule filter_data:
    jobid: 29
    output: /home/htran/storage/datasets/drug_resistance/dlp_results/SA535_rna_cys/filtered/TENX048_filtered.rds
    shell:
        Rscript /home/htran/Projects/farhia_project/rscript/pipeline/qc_filtering.R --inputfile /home/htran/storage/datasets/drug_resistance_RNAseq/SA535_CYS_human/TENX048/TENX048.rdata --outputfile /home/htran/storage/datasets/drug_resistance/dlp_results/SA535_rna_cys/filtered/TENX048_filtered.rds --library_id TENX048 --mouse_id SA535X5XB02895 --treatmentSt U --batch_info CHIP0048SA --pdxid SA535 --passage X5 --max_mito 20 --max_ribo 60 --min_pc_detected 100 --min_features 1000 --min_pc_sum 500
        (one of the commands exited with non-zero exit code; note that snakemake uses bash strict mode!)

[Wed Jul 15 23:55:14 2020]
Finished job 3.
22 of 31 steps (71%) done
[Wed Jul 15 23:56:00 2020]
Finished job 12.
23 of 31 steps (74%) done
[Wed Jul 15 23:56:26 2020]
Finished job 13.
24 of 31 steps (77%) done
[Wed Jul 15 23:56:30 2020]
Finished job 2.
25 of 31 steps (81%) done
[Wed Jul 15 23:56:30 2020]
Finished job 4.
26 of 31 steps (84%) done
[Wed Jul 15 23:56:34 2020]
Finished job 10.
27 of 31 steps (87%) done
Shutting down, this might take some time.
Exiting because a job execution failed. Look above for error message
Complete log: /home/htran/Projects/farhia_project/rscript/snakemake_10x/SA535_cys/.snakemake/log/2020-07-15T234338.434860.snakemake.log
