Building DAG of jobs...
Using shell: /bin/bash
Provided cores: 8
Rules claiming more threads will be scaled down.
Job counts:
	count	jobs
	1	all
	13	filter_data
	1	merge_filter_data
	15

[Wed Jul 15 21:23:22 2020]
rule filter_data:
    input: /home/htran/storage/datasets/drug_resistance_RNAseq/SA535_CYS_human/SCRNA10X_SA_CHIP0195_001/SCRNA10X_SA_CHIP0195_001.rdata
    output: /home/htran/storage/datasets/drug_resistance/dlp_results/SA535_rna_cys/filtered/SCRNA10X_SA_CHIP0195_001_filtered.rds
    jobid: 14
    wildcards: library=SCRNA10X_SA_CHIP0195_001


[Wed Jul 15 21:23:22 2020]
rule filter_data:
    input: /home/htran/storage/datasets/drug_resistance_RNAseq/SA535_CYS_human/SCRNA10X_SA_CHIP0182_002/SCRNA10X_SA_CHIP0182_002.rdata
    output: /home/htran/storage/datasets/drug_resistance/dlp_results/SA535_rna_cys/filtered/SCRNA10X_SA_CHIP0182_002_filtered.rds
    jobid: 9
    wildcards: library=SCRNA10X_SA_CHIP0182_002


[Wed Jul 15 21:23:22 2020]
rule filter_data:
    input: /home/htran/storage/datasets/drug_resistance_RNAseq/SA535_CYS_human/SCRNA10X_SA_CHIP0184_002/SCRNA10X_SA_CHIP0184_002.rdata
    output: /home/htran/storage/datasets/drug_resistance/dlp_results/SA535_rna_cys/filtered/SCRNA10X_SA_CHIP0184_002_filtered.rds
    jobid: 11
    wildcards: library=SCRNA10X_SA_CHIP0184_002


[Wed Jul 15 21:23:22 2020]
rule filter_data:
    input: /home/htran/storage/datasets/drug_resistance_RNAseq/SA535_CYS_human/SCRNA10X_SA_CHIP0173_002/SCRNA10X_SA_CHIP0173_002.rdata
    output: /home/htran/storage/datasets/drug_resistance/dlp_results/SA535_rna_cys/filtered/SCRNA10X_SA_CHIP0173_002_filtered.rds
    jobid: 6
    wildcards: library=SCRNA10X_SA_CHIP0173_002


[Wed Jul 15 21:23:22 2020]
rule filter_data:
    input: /home/htran/storage/datasets/drug_resistance_RNAseq/SA535_CYS_human/SCRNA10X_SA_CHIP0173_001/SCRNA10X_SA_CHIP0173_001.rdata
    output: /home/htran/storage/datasets/drug_resistance/dlp_results/SA535_rna_cys/filtered/SCRNA10X_SA_CHIP0173_001_filtered.rds
    jobid: 5
    wildcards: library=SCRNA10X_SA_CHIP0173_001


[Wed Jul 15 21:23:22 2020]
rule filter_data:
    input: /home/htran/storage/datasets/drug_resistance_RNAseq/SA535_CYS_human/SCRNA10X_SA_CHIP0182_001/SCRNA10X_SA_CHIP0182_001.rdata
    output: /home/htran/storage/datasets/drug_resistance/dlp_results/SA535_rna_cys/filtered/SCRNA10X_SA_CHIP0182_001_filtered.rds
    jobid: 8
    wildcards: library=SCRNA10X_SA_CHIP0182_001


[Wed Jul 15 21:23:22 2020]
rule filter_data:
    input: /home/htran/storage/datasets/drug_resistance_RNAseq/SA535_CYS_human/SCRNA10X_SA_CHIP0146_006/SCRNA10X_SA_CHIP0146_006.rdata
    output: /home/htran/storage/datasets/drug_resistance/dlp_results/SA535_rna_cys/filtered/SCRNA10X_SA_CHIP0146_006_filtered.rds
    jobid: 3
    wildcards: library=SCRNA10X_SA_CHIP0146_006


[Wed Jul 15 21:23:22 2020]
rule filter_data:
    input: /home/htran/storage/datasets/drug_resistance_RNAseq/SA535_CYS_human/SCRNA10X_SA_CHIP0175_001/SCRNA10X_SA_CHIP0175_001.rdata
    output: /home/htran/storage/datasets/drug_resistance/dlp_results/SA535_rna_cys/filtered/SCRNA10X_SA_CHIP0175_001_filtered.rds
    jobid: 7
    wildcards: library=SCRNA10X_SA_CHIP0175_001

[Wed Jul 15 21:23:48 2020]
Finished job 8.
1 of 15 steps (7%) done

[Wed Jul 15 21:23:48 2020]
rule filter_data:
    input: /home/htran/storage/datasets/drug_resistance_RNAseq/SA535_CYS_human/SCRNA10X_SA_CHIP0148_001/SCRNA10X_SA_CHIP0148_001.rdata
    output: /home/htran/storage/datasets/drug_resistance/dlp_results/SA535_rna_cys/filtered/SCRNA10X_SA_CHIP0148_001_filtered.rds
    jobid: 4
    wildcards: library=SCRNA10X_SA_CHIP0148_001

[Wed Jul 15 21:23:49 2020]
Finished job 11.
2 of 15 steps (13%) done

[Wed Jul 15 21:23:49 2020]
rule filter_data:
    input: /home/htran/storage/datasets/drug_resistance_RNAseq/SA535_CYS_human/SCRNA10X_SA_CHIP0189_002/SCRNA10X_SA_CHIP0189_002.rdata
    output: /home/htran/storage/datasets/drug_resistance/dlp_results/SA535_rna_cys/filtered/SCRNA10X_SA_CHIP0189_002_filtered.rds
    jobid: 13
    wildcards: library=SCRNA10X_SA_CHIP0189_002

[Wed Jul 15 21:23:50 2020]
Finished job 9.
3 of 15 steps (20%) done

[Wed Jul 15 21:23:50 2020]
rule filter_data:
    input: /home/htran/storage/datasets/drug_resistance_RNAseq/SA535_CYS_human/SCRNA10X_SA_CHIP0189_001/SCRNA10X_SA_CHIP0189_001.rdata
    output: /home/htran/storage/datasets/drug_resistance/dlp_results/SA535_rna_cys/filtered/SCRNA10X_SA_CHIP0189_001_filtered.rds
    jobid: 12
    wildcards: library=SCRNA10X_SA_CHIP0189_001

[Wed Jul 15 21:23:52 2020]
Finished job 6.
4 of 15 steps (27%) done

[Wed Jul 15 21:23:52 2020]
rule filter_data:
    input: /home/htran/storage/datasets/drug_resistance_RNAseq/SA535_CYS_human/SCRNA10X_SA_CHIP0146_004/SCRNA10X_SA_CHIP0146_004.rdata
    output: /home/htran/storage/datasets/drug_resistance/dlp_results/SA535_rna_cys/filtered/SCRNA10X_SA_CHIP0146_004_filtered.rds
    jobid: 2
    wildcards: library=SCRNA10X_SA_CHIP0146_004

[Wed Jul 15 21:23:52 2020]
Finished job 3.
5 of 15 steps (33%) done

[Wed Jul 15 21:23:52 2020]
rule filter_data:
    input: /home/htran/storage/datasets/drug_resistance_RNAseq/SA535_CYS_human/SCRNA10X_SA_CHIP0184_001/SCRNA10X_SA_CHIP0184_001.rdata
    output: /home/htran/storage/datasets/drug_resistance/dlp_results/SA535_rna_cys/filtered/SCRNA10X_SA_CHIP0184_001_filtered.rds
    jobid: 10
    wildcards: library=SCRNA10X_SA_CHIP0184_001

[Wed Jul 15 21:23:53 2020]
Finished job 14.
6 of 15 steps (40%) done
[Wed Jul 15 21:23:55 2020]
Finished job 5.
7 of 15 steps (47%) done
[Wed Jul 15 21:23:55 2020]
Finished job 7.
8 of 15 steps (53%) done
[Wed Jul 15 21:24:08 2020]
Finished job 4.
9 of 15 steps (60%) done
[Wed Jul 15 21:24:09 2020]
Finished job 13.
10 of 15 steps (67%) done
[Wed Jul 15 21:24:09 2020]
Finished job 2.
11 of 15 steps (73%) done
[Wed Jul 15 21:24:09 2020]
Finished job 10.
12 of 15 steps (80%) done
[Wed Jul 15 21:24:11 2020]
Finished job 12.
13 of 15 steps (87%) done

[Wed Jul 15 21:24:11 2020]
rule merge_filter_data:
    input: /home/htran/storage/datasets/drug_resistance/dlp_results/SA535_rna_cys/filtered/SCRNA10X_SA_CHIP0146_004_filtered.rds, /home/htran/storage/datasets/drug_resistance/dlp_results/SA535_rna_cys/filtered/SCRNA10X_SA_CHIP0146_006_filtered.rds, /home/htran/storage/datasets/drug_resistance/dlp_results/SA535_rna_cys/filtered/SCRNA10X_SA_CHIP0148_001_filtered.rds, /home/htran/storage/datasets/drug_resistance/dlp_results/SA535_rna_cys/filtered/SCRNA10X_SA_CHIP0173_001_filtered.rds, /home/htran/storage/datasets/drug_resistance/dlp_results/SA535_rna_cys/filtered/SCRNA10X_SA_CHIP0173_002_filtered.rds, /home/htran/storage/datasets/drug_resistance/dlp_results/SA535_rna_cys/filtered/SCRNA10X_SA_CHIP0175_001_filtered.rds, /home/htran/storage/datasets/drug_resistance/dlp_results/SA535_rna_cys/filtered/SCRNA10X_SA_CHIP0182_001_filtered.rds, /home/htran/storage/datasets/drug_resistance/dlp_results/SA535_rna_cys/filtered/SCRNA10X_SA_CHIP0182_002_filtered.rds, /home/htran/storage/datasets/drug_resistance/dlp_results/SA535_rna_cys/filtered/SCRNA10X_SA_CHIP0184_001_filtered.rds, /home/htran/storage/datasets/drug_resistance/dlp_results/SA535_rna_cys/filtered/SCRNA10X_SA_CHIP0184_002_filtered.rds, /home/htran/storage/datasets/drug_resistance/dlp_results/SA535_rna_cys/filtered/SCRNA10X_SA_CHIP0189_001_filtered.rds, /home/htran/storage/datasets/drug_resistance/dlp_results/SA535_rna_cys/filtered/SCRNA10X_SA_CHIP0189_002_filtered.rds, /home/htran/storage/datasets/drug_resistance/dlp_results/SA535_rna_cys/filtered/SCRNA10X_SA_CHIP0195_001_filtered.rds
    output: /home/htran/storage/datasets/drug_resistance/dlp_results/SA535_rna_cys/SA535_10x_filtering_log.csv
    jobid: 1

[Wed Jul 15 21:24:16 2020]
Finished job 1.
14 of 15 steps (93%) done

[Wed Jul 15 21:24:16 2020]
localrule all:
    input: /home/htran/storage/datasets/drug_resistance/dlp_results/SA535_rna_cys/SA535_10x_filtering_log.csv
    jobid: 0

[Wed Jul 15 21:24:16 2020]
Finished job 0.
15 of 15 steps (100%) done
Complete log: /home/htran/Projects/farhia_project/rscript/snakemake_10x/SA535_cys/.snakemake/log/2020-07-15T212322.459358.snakemake.log
