Building DAG of jobs...
Using shell: /bin/bash
Provided cores: 8
Rules claiming more threads will be scaled down.
Job counts:
	count	jobs
	1	all
	12	filter_data
	1	merge_filter_data
	1	verification
	15

[Fri Jun 26 22:08:56 2020]
rule filter_data:
    input: /home/htran/storage/datasets/drug_resistance_RNAseq/human/SCRNA10X_SA_CHIP0162_001/SCRNA10X_SA_CHIP0162_001.rdata
    output: /home/htran/storage/datasets/drug_resistance/filtered/SCRNA10X_SA_CHIP0162_001_filtered.rds
    jobid: 10
    wildcards: library=SCRNA10X_SA_CHIP0162_001


[Fri Jun 26 22:08:56 2020]
rule filter_data:
    input: /home/htran/storage/datasets/drug_resistance_RNAseq/human/SCRNA10X_SA_CHIP0076_000/SCRNA10X_SA_CHIP0076_000.rdata
    output: /home/htran/storage/datasets/drug_resistance/filtered/SCRNA10X_SA_CHIP0076_000_filtered.rds
    jobid: 14
    wildcards: library=SCRNA10X_SA_CHIP0076_000


[Fri Jun 26 22:08:56 2020]
rule filter_data:
    input: /home/htran/storage/datasets/drug_resistance_RNAseq/human/SCRNA10X_SA_CHIP0175_002/SCRNA10X_SA_CHIP0175_002.rdata
    output: /home/htran/storage/datasets/drug_resistance/filtered/SCRNA10X_SA_CHIP0175_002_filtered.rds
    jobid: 12
    wildcards: library=SCRNA10X_SA_CHIP0175_002


[Fri Jun 26 22:08:56 2020]
rule filter_data:
    input: /home/htran/storage/datasets/drug_resistance_RNAseq/human/SCRNA10X_SA_CHIP0145_002/SCRNA10X_SA_CHIP0145_002.rdata
    output: /home/htran/storage/datasets/drug_resistance/filtered/SCRNA10X_SA_CHIP0145_002_filtered.rds
    jobid: 8
    wildcards: library=SCRNA10X_SA_CHIP0145_002


[Fri Jun 26 22:08:56 2020]
rule filter_data:
    input: /home/htran/storage/datasets/drug_resistance_RNAseq/human/SCRNA10X_SA_CHIP0079_001/SCRNA10X_SA_CHIP0079_001.rdata
    output: /home/htran/storage/datasets/drug_resistance/filtered/SCRNA10X_SA_CHIP0079_001_filtered.rds
    jobid: 3
    wildcards: library=SCRNA10X_SA_CHIP0079_001


[Fri Jun 26 22:08:56 2020]
rule filter_data:
    input: /home/htran/storage/datasets/drug_resistance_RNAseq/human/SCRNA10X_SA_CHIP0079_002/SCRNA10X_SA_CHIP0079_002.rdata
    output: /home/htran/storage/datasets/drug_resistance/filtered/SCRNA10X_SA_CHIP0079_002_filtered.rds
    jobid: 4
    wildcards: library=SCRNA10X_SA_CHIP0079_002


[Fri Jun 26 22:08:56 2020]
rule filter_data:
    input: /home/htran/storage/datasets/drug_resistance_RNAseq/human/SCRNA10X_SA_CHIP0162_002/SCRNA10X_SA_CHIP0162_002.rdata
    output: /home/htran/storage/datasets/drug_resistance/filtered/SCRNA10X_SA_CHIP0162_002_filtered.rds
    jobid: 11
    wildcards: library=SCRNA10X_SA_CHIP0162_002


[Fri Jun 26 22:08:56 2020]
rule filter_data:
    input: /home/htran/storage/datasets/drug_resistance_RNAseq/human/SCRNA10X_SA_CHIP0145_001/SCRNA10X_SA_CHIP0145_001.rdata
    output: /home/htran/storage/datasets/drug_resistance/filtered/SCRNA10X_SA_CHIP0145_001_filtered.rds
    jobid: 7
    wildcards: library=SCRNA10X_SA_CHIP0145_001

[Fri Jun 26 22:09:18 2020]
Finished job 10.
1 of 15 steps (7%) done

[Fri Jun 26 22:09:18 2020]
rule filter_data:
    input: /home/htran/storage/datasets/drug_resistance_RNAseq/human/SCRNA10X_SA_CHIP0151_001/SCRNA10X_SA_CHIP0151_001.rdata
    output: /home/htran/storage/datasets/drug_resistance/filtered/SCRNA10X_SA_CHIP0151_001_filtered.rds
    jobid: 9
    wildcards: library=SCRNA10X_SA_CHIP0151_001

[Fri Jun 26 22:09:21 2020]
Finished job 11.
2 of 15 steps (13%) done

[Fri Jun 26 22:09:21 2020]
rule filter_data:
    input: /home/htran/storage/datasets/drug_resistance_RNAseq/human/SCRNA10X_SA_CHIP0071_000/SCRNA10X_SA_CHIP0071_000.rdata
    output: /home/htran/storage/datasets/drug_resistance/filtered/SCRNA10X_SA_CHIP0071_000_filtered.rds
    jobid: 13
    wildcards: library=SCRNA10X_SA_CHIP0071_000

[Fri Jun 26 22:09:22 2020]
Finished job 12.
3 of 15 steps (20%) done

[Fri Jun 26 22:09:22 2020]
rule filter_data:
    input: /home/htran/storage/datasets/drug_resistance_RNAseq/human/SCRNA10X_SA_CHIP0142_004/SCRNA10X_SA_CHIP0142_004.rdata
    output: /home/htran/storage/datasets/drug_resistance/filtered/SCRNA10X_SA_CHIP0142_004_filtered.rds
    jobid: 6
    wildcards: library=SCRNA10X_SA_CHIP0142_004

[Fri Jun 26 22:09:22 2020]
Finished job 7.
4 of 15 steps (27%) done

[Fri Jun 26 22:09:22 2020]
rule filter_data:
    input: /home/htran/storage/datasets/drug_resistance_RNAseq/human/SCRNA10X_SA_CHIP0142_002/SCRNA10X_SA_CHIP0142_002.rdata
    output: /home/htran/storage/datasets/drug_resistance/filtered/SCRNA10X_SA_CHIP0142_002_filtered.rds
    jobid: 5
    wildcards: library=SCRNA10X_SA_CHIP0142_002

[Fri Jun 26 22:09:23 2020]
Finished job 14.
5 of 15 steps (33%) done

[Fri Jun 26 22:09:23 2020]
rule verification:
    output: /home/htran/storage/datasets/drug_resistance/filtered/summary_SA1035.csv
    jobid: 2

[Fri Jun 26 22:09:25 2020]
Finished job 4.
6 of 15 steps (40%) done
[Fri Jun 26 22:09:30 2020]
Finished job 3.
7 of 15 steps (47%) done
[Fri Jun 26 22:09:31 2020]
Finished job 8.
8 of 15 steps (53%) done
[Fri Jun 26 22:09:36 2020]
Finished job 5.
9 of 15 steps (60%) done
[Fri Jun 26 22:09:36 2020]
Finished job 9.
10 of 15 steps (67%) done
[Fri Jun 26 22:09:37 2020]
Finished job 6.
11 of 15 steps (73%) done
[Fri Jun 26 22:09:38 2020]
Finished job 13.
12 of 15 steps (80%) done

[Fri Jun 26 22:09:38 2020]
rule merge_filter_data:
    input: /home/htran/storage/datasets/drug_resistance/filtered/SCRNA10X_SA_CHIP0079_001_filtered.rds, /home/htran/storage/datasets/drug_resistance/filtered/SCRNA10X_SA_CHIP0079_002_filtered.rds, /home/htran/storage/datasets/drug_resistance/filtered/SCRNA10X_SA_CHIP0142_002_filtered.rds, /home/htran/storage/datasets/drug_resistance/filtered/SCRNA10X_SA_CHIP0142_004_filtered.rds, /home/htran/storage/datasets/drug_resistance/filtered/SCRNA10X_SA_CHIP0145_001_filtered.rds, /home/htran/storage/datasets/drug_resistance/filtered/SCRNA10X_SA_CHIP0145_002_filtered.rds, /home/htran/storage/datasets/drug_resistance/filtered/SCRNA10X_SA_CHIP0151_001_filtered.rds, /home/htran/storage/datasets/drug_resistance/filtered/SCRNA10X_SA_CHIP0162_001_filtered.rds, /home/htran/storage/datasets/drug_resistance/filtered/SCRNA10X_SA_CHIP0162_002_filtered.rds, /home/htran/storage/datasets/drug_resistance/filtered/SCRNA10X_SA_CHIP0175_002_filtered.rds, /home/htran/storage/datasets/drug_resistance/filtered/SCRNA10X_SA_CHIP0071_000_filtered.rds, /home/htran/storage/datasets/drug_resistance/filtered/SCRNA10X_SA_CHIP0076_000_filtered.rds
    output: /home/htran/storage/datasets/drug_resistance/SA1035_10x_filtering_log.csv
    jobid: 1

[Fri Jun 26 22:09:44 2020]
Finished job 1.
13 of 15 steps (87%) done
[Fri Jun 26 22:10:17 2020]
Finished job 2.
14 of 15 steps (93%) done

[Fri Jun 26 22:10:17 2020]
localrule all:
    input: /home/htran/storage/datasets/drug_resistance/SA1035_10x_filtering_log.csv, /home/htran/storage/datasets/drug_resistance/filtered/summary_SA1035.csv
    jobid: 0

[Fri Jun 26 22:10:17 2020]
Finished job 0.
15 of 15 steps (100%) done
Complete log: /home/htran/Projects/farhia_project/rscript/snakemake_10x/.snakemake/log/2020-06-26T220856.763422.snakemake.log
